{
  "RSpec": {
    "coverage": {
      "/Users/sahilkhatri/Public/Projects/web-scrapper-ecommerce/app/helpers/application_helper.rb": {
        "lines": [
          1,
          null
        ]
      },
      "/Users/sahilkhatri/Public/Projects/web-scrapper-ecommerce/app/helpers/url_scraper_helper.rb": {
        "lines": [
          1,
          null
        ]
      },
      "/Users/sahilkhatri/Public/Projects/web-scrapper-ecommerce/app/models/product.rb": {
        "lines": [
          1,
          1,
          1,
          null,
          1,
          null,
          1,
          null
        ]
      },
      "/Users/sahilkhatri/Public/Projects/web-scrapper-ecommerce/app/models/application_record.rb": {
        "lines": [
          1,
          1,
          null
        ]
      },
      "/Users/sahilkhatri/Public/Projects/web-scrapper-ecommerce/app/services/flipkart_scraper_service.rb": {
        "lines": [
          1,
          1,
          null,
          1,
          1,
          1,
          null,
          1,
          1,
          null,
          1,
          1,
          1,
          null,
          1,
          null,
          null,
          null,
          null,
          null,
          null,
          1,
          null,
          1,
          null,
          null,
          null,
          null,
          null,
          null,
          null,
          null,
          1,
          null,
          1,
          0,
          0,
          0,
          0,
          0,
          0,
          0,
          0,
          0,
          null,
          null,
          1,
          2,
          2,
          null,
          null,
          1,
          1,
          1,
          1,
          1,
          null,
          1,
          null,
          null,
          1,
          2,
          null,
          null
        ]
      },
      "/Users/sahilkhatri/Public/Projects/web-scrapper-ecommerce/app/services/product_scraper_service.rb": {
        "lines": [
          1,
          null,
          1,
          1,
          11,
          11,
          null,
          null,
          1,
          3,
          3,
          null,
          3,
          null,
          1,
          null,
          1,
          null,
          1,
          null,
          null,
          null,
          1,
          null,
          1,
          3,
          3,
          null,
          null,
          1,
          2,
          null,
          null,
          1,
          2,
          2,
          null,
          null,
          null,
          null,
          2,
          null,
          null,
          1,
          1,
          1,
          null,
          null,
          null,
          null,
          null,
          null,
          1,
          1,
          null,
          null,
          1,
          null,
          1,
          null,
          null
        ]
      },
      "/Users/sahilkhatri/Public/Projects/web-scrapper-ecommerce/app/models/category.rb": {
        "lines": [
          1,
          1,
          1,
          null
        ]
      },
      "/Users/sahilkhatri/Public/Projects/web-scrapper-ecommerce/app/models/seller.rb": {
        "lines": [
          1,
          1,
          1,
          1,
          null,
          null
        ]
      },
      "/Users/sahilkhatri/Public/Projects/web-scrapper-ecommerce/app/services/amazon_scraper_service.rb": {
        "lines": [
          1,
          1,
          0,
          null,
          0,
          0,
          null,
          0,
          0,
          0,
          null,
          0,
          0,
          null,
          0,
          null,
          0,
          null,
          0,
          null,
          null,
          null,
          null,
          null,
          null,
          0,
          null,
          null,
          null,
          null,
          null,
          null,
          null,
          null,
          1,
          null,
          1,
          0,
          null,
          null,
          1,
          0,
          0,
          null,
          null,
          1,
          0,
          0,
          0,
          0,
          null,
          0,
          null,
          null,
          1,
          0,
          null,
          0,
          0,
          0,
          null,
          null,
          1,
          0,
          0,
          null,
          0,
          0,
          0,
          0,
          null,
          null,
          null,
          1,
          0,
          0,
          0,
          0,
          null,
          0,
          null,
          null,
          1,
          0,
          null,
          null
        ]
      },
      "/Users/sahilkhatri/Public/Projects/web-scrapper-ecommerce/app/views/layouts/application.html.erb": {
        "lines": [
          0,
          0,
          0,
          0,
          0,
          0,
          0,
          0,
          null,
          0,
          0,
          0,
          0,
          0,
          0,
          0,
          0,
          null,
          0,
          0,
          0,
          0,
          0,
          0,
          0,
          0,
          0,
          0,
          0
        ],
        "branches": {}
      },
      "/Users/sahilkhatri/Public/Projects/web-scrapper-ecommerce/app/views/layouts/mailer.html.erb": {
        "lines": [
          0,
          0,
          0,
          0,
          0,
          0,
          0,
          0,
          null,
          0,
          0,
          0,
          0
        ],
        "branches": {}
      },
      "/Users/sahilkhatri/Public/Projects/web-scrapper-ecommerce/app/views/products/index.html.erb": {
        "lines": [
          0,
          0,
          0,
          0
        ],
        "branches": {}
      },
      "/Users/sahilkhatri/Public/Projects/web-scrapper-ecommerce/app/views/products/show.html.erb": {
        "lines": [
          0,
          0,
          0,
          0
        ],
        "branches": {}
      },
      "/Users/sahilkhatri/Public/Projects/web-scrapper-ecommerce/app/views/url_scraper/create.html.erb": {
        "lines": [
          0,
          0,
          0,
          0
        ],
        "branches": {}
      },
      "/Users/sahilkhatri/Public/Projects/web-scrapper-ecommerce/app/views/url_scraper/home.html.erb": {
        "lines": [
          0,
          0,
          0,
          0,
          null,
          0,
          null,
          0,
          0
        ],
        "branches": {}
      },
      "/Users/sahilkhatri/Public/Projects/web-scrapper-ecommerce/app/views/url_scraper/new.html.erb": {
        "lines": [
          0,
          0,
          0,
          0,
          0,
          null,
          0,
          0,
          0,
          0
        ],
        "branches": {}
      }
    },
    "timestamp": 1734258469
  }
}
